[debug] [2025-04-16T05:51:07.475Z] ----------------------------------------------------------------------
[debug] [2025-04-16T05:51:07.482Z] Command:       C:\Program Files\nodejs\node.exe C:\Users\Administrator\AppData\Roaming\npm\node_modules\firebase-tools\lib\bin\firebase.js deploy
[debug] [2025-04-16T05:51:07.482Z] CLI Version:   13.22.1
[debug] [2025-04-16T05:51:07.483Z] Platform:      win32
[debug] [2025-04-16T05:51:07.483Z] Node Version:  v20.18.0
[debug] [2025-04-16T05:51:07.484Z] Time:          Wed Apr 16 2025 12:51:07 GMT+0700 (Indochina Time)
[debug] [2025-04-16T05:51:07.484Z] ----------------------------------------------------------------------
[debug] 
[debug] [2025-04-16T05:51:07.492Z] >>> [apiv2][query] GET https://firebase-public.firebaseio.com/cli.json [none]
[debug] [2025-04-16T05:51:07.823Z] > command requires scopes: ["email","openid","https://www.googleapis.com/auth/cloudplatformprojects.readonly","https://www.googleapis.com/auth/firebase","https://www.googleapis.com/auth/cloud-platform"]
[debug] [2025-04-16T05:51:07.823Z] > authorizing via signed-in user (adamnurramadan@gmail.com)
[debug] [2025-04-16T05:51:07.824Z] [iam] checking project ujian-mts-pesri-kendari for permissions ["firebase.projects.get","firebasehosting.sites.update"]
[debug] [2025-04-16T05:51:07.825Z] Checked if tokens are valid: false, expires at: 1744274442680
[debug] [2025-04-16T05:51:07.826Z] Checked if tokens are valid: false, expires at: 1744274442680
[debug] [2025-04-16T05:51:07.827Z] > refreshing access token with scopes: []
[debug] [2025-04-16T05:51:07.829Z] >>> [apiv2][query] POST https://www.googleapis.com/oauth2/v3/token [none]
[debug] [2025-04-16T05:51:07.829Z] >>> [apiv2][body] POST https://www.googleapis.com/oauth2/v3/token [omitted]
[debug] [2025-04-16T05:51:08.094Z] <<< [apiv2][status] POST https://www.googleapis.com/oauth2/v3/token 200
[debug] [2025-04-16T05:51:08.095Z] <<< [apiv2][body] POST https://www.googleapis.com/oauth2/v3/token [omitted]
[debug] [2025-04-16T05:51:08.108Z] >>> [apiv2][query] POST https://cloudresourcemanager.googleapis.com/v1/projects/ujian-mts-pesri-kendari:testIamPermissions [none]
[debug] [2025-04-16T05:51:08.108Z] >>> [apiv2][(partial)header] POST https://cloudresourcemanager.googleapis.com/v1/projects/ujian-mts-pesri-kendari:testIamPermissions x-goog-quota-user=projects/ujian-mts-pesri-kendari
[debug] [2025-04-16T05:51:08.108Z] >>> [apiv2][body] POST https://cloudresourcemanager.googleapis.com/v1/projects/ujian-mts-pesri-kendari:testIamPermissions {"permissions":["firebase.projects.get","firebasehosting.sites.update"]}
[debug] [2025-04-16T05:51:08.932Z] <<< [apiv2][status] GET https://firebase-public.firebaseio.com/cli.json 200
[debug] [2025-04-16T05:51:08.932Z] <<< [apiv2][body] GET https://firebase-public.firebaseio.com/cli.json {"cloudBuildErrorAfter":1594252800000,"cloudBuildWarnAfter":1590019200000,"defaultNode10After":1594252800000,"minVersion":"3.0.5","node8DeploysDisabledAfter":1613390400000,"node8RuntimeDisabledAfter":1615809600000,"node8WarnAfter":1600128000000}
[debug] [2025-04-16T05:51:09.411Z] <<< [apiv2][status] POST https://cloudresourcemanager.googleapis.com/v1/projects/ujian-mts-pesri-kendari:testIamPermissions 200
[debug] [2025-04-16T05:51:09.411Z] <<< [apiv2][body] POST https://cloudresourcemanager.googleapis.com/v1/projects/ujian-mts-pesri-kendari:testIamPermissions {}
[debug] [2025-04-16T05:51:09.412Z] [iam] error while checking permissions, command may fail: FirebaseError: Authorization failed. This account is missing the following required permissions on project ujian-mts-pesri-kendari:

  firebase.projects.get
  firebasehosting.sites.update
[debug] [2025-04-16T05:51:09.413Z] Checked if tokens are valid: true, expires at: 1744786267095
[debug] [2025-04-16T05:51:09.413Z] Checked if tokens are valid: true, expires at: 1744786267095
[debug] [2025-04-16T05:51:09.413Z] >>> [apiv2][query] GET https://firebase.googleapis.com/v1beta1/projects/ujian-mts-pesri-kendari [none]
[debug] [2025-04-16T05:51:09.807Z] <<< [apiv2][status] GET https://firebase.googleapis.com/v1beta1/projects/ujian-mts-pesri-kendari 403
[debug] [2025-04-16T05:51:09.808Z] <<< [apiv2][body] GET https://firebase.googleapis.com/v1beta1/projects/ujian-mts-pesri-kendari {"error":{"code":403,"message":"The caller does not have permission","status":"PERMISSION_DENIED"}}
[debug] [2025-04-16T05:51:09.809Z] HTTP Error: 403, The caller does not have permission
[debug] [2025-04-16T05:51:09.811Z] FirebaseError: HTTP Error: 403, The caller does not have permission
    at responseToError (C:\Users\Administrator\AppData\Roaming\npm\node_modules\firebase-tools\lib\responseToError.js:49:12)
    at RetryOperation._fn (C:\Users\Administrator\AppData\Roaming\npm\node_modules\firebase-tools\lib\apiv2.js:312:77)
    at process.processTicksAndRejections (node:internal/process/task_queues:95:5)
[error] 
[error] Error: Failed to get Firebase project ujian-mts-pesri-kendari. Please make sure the project exists and your account has permission to access it.
[debug] [2025-04-16T05:55:06.804Z] ----------------------------------------------------------------------
[debug] [2025-04-16T05:55:06.813Z] Command:       C:\Program Files\nodejs\node.exe C:\Users\Administrator\AppData\Roaming\npm\node_modules\firebase-tools\lib\bin\firebase.js deploy
[debug] [2025-04-16T05:55:06.814Z] CLI Version:   13.22.1
[debug] [2025-04-16T05:55:06.814Z] Platform:      win32
[debug] [2025-04-16T05:55:06.814Z] Node Version:  v20.18.0
[debug] [2025-04-16T05:55:06.814Z] Time:          Wed Apr 16 2025 12:55:06 GMT+0700 (Indochina Time)
[debug] [2025-04-16T05:55:06.815Z] ----------------------------------------------------------------------
[debug] 
[debug] [2025-04-16T05:55:07.050Z] > command requires scopes: ["email","openid","https://www.googleapis.com/auth/cloudplatformprojects.readonly","https://www.googleapis.com/auth/firebase","https://www.googleapis.com/auth/cloud-platform"]
[debug] [2025-04-16T05:55:07.051Z] > authorizing via signed-in user (adamnurramadan@gmail.com)
[debug] [2025-04-16T05:55:07.051Z] [iam] checking project ujian-mts-pesri-kendari for permissions ["firebase.projects.get","firebasehosting.sites.update"]
[debug] [2025-04-16T05:55:07.055Z] Checked if tokens are valid: true, expires at: 1744786267095
[debug] [2025-04-16T05:55:07.057Z] Checked if tokens are valid: true, expires at: 1744786267095
[debug] [2025-04-16T05:55:07.062Z] >>> [apiv2][query] POST https://cloudresourcemanager.googleapis.com/v1/projects/ujian-mts-pesri-kendari:testIamPermissions [none]
[debug] [2025-04-16T05:55:07.062Z] >>> [apiv2][(partial)header] POST https://cloudresourcemanager.googleapis.com/v1/projects/ujian-mts-pesri-kendari:testIamPermissions x-goog-quota-user=projects/ujian-mts-pesri-kendari
[debug] [2025-04-16T05:55:07.062Z] >>> [apiv2][body] POST https://cloudresourcemanager.googleapis.com/v1/projects/ujian-mts-pesri-kendari:testIamPermissions {"permissions":["firebase.projects.get","firebasehosting.sites.update"]}
[debug] [2025-04-16T05:55:08.425Z] <<< [apiv2][status] POST https://cloudresourcemanager.googleapis.com/v1/projects/ujian-mts-pesri-kendari:testIamPermissions 200
[debug] [2025-04-16T05:55:08.426Z] <<< [apiv2][body] POST https://cloudresourcemanager.googleapis.com/v1/projects/ujian-mts-pesri-kendari:testIamPermissions {}
[debug] [2025-04-16T05:55:08.426Z] [iam] error while checking permissions, command may fail: FirebaseError: Authorization failed. This account is missing the following required permissions on project ujian-mts-pesri-kendari:

  firebase.projects.get
  firebasehosting.sites.update
[debug] [2025-04-16T05:55:08.427Z] Checked if tokens are valid: true, expires at: 1744786267095
[debug] [2025-04-16T05:55:08.428Z] Checked if tokens are valid: true, expires at: 1744786267095
[debug] [2025-04-16T05:55:08.428Z] >>> [apiv2][query] GET https://firebase.googleapis.com/v1beta1/projects/ujian-mts-pesri-kendari [none]
[debug] [2025-04-16T05:55:08.821Z] <<< [apiv2][status] GET https://firebase.googleapis.com/v1beta1/projects/ujian-mts-pesri-kendari 403
[debug] [2025-04-16T05:55:08.821Z] <<< [apiv2][body] GET https://firebase.googleapis.com/v1beta1/projects/ujian-mts-pesri-kendari {"error":{"code":403,"message":"The caller does not have permission","status":"PERMISSION_DENIED"}}
[debug] [2025-04-16T05:55:08.823Z] HTTP Error: 403, The caller does not have permission
[debug] [2025-04-16T05:55:08.824Z] FirebaseError: HTTP Error: 403, The caller does not have permission
    at responseToError (C:\Users\Administrator\AppData\Roaming\npm\node_modules\firebase-tools\lib\responseToError.js:49:12)
    at RetryOperation._fn (C:\Users\Administrator\AppData\Roaming\npm\node_modules\firebase-tools\lib\apiv2.js:312:77)
    at process.processTicksAndRejections (node:internal/process/task_queues:95:5)
[error] 
[error] Error: Failed to get Firebase project ujian-mts-pesri-kendari. Please make sure the project exists and your account has permission to access it.
